<?xml version="1.0" encoding="UTF-8"?>
<coverage generated="1742926956787" clover="3.2.0">
  <project timestamp="1742926956788" name="All files">
    <metrics statements="8" coveredstatements="8" conditionals="0" coveredconditionals="0" methods="1" coveredmethods="1" elements="9" coveredelements="9" complexity="0" loc="8" ncloc="8" packages="1" files="1" classes="1"/>
    <file name="camelCaseV1.ts" path="E:\Fuentes y formación\Informatica\Instituto FOC\Curso 2024-2025\FCT y PI\only-typescript\src\core\camelCaseV1.ts">
      <metrics statements="8" coveredstatements="8" conditionals="0" coveredconditionals="0" methods="1" coveredmethods="1"/>
      <line num="4" count="1" type="stmt"/>
      <line num="5" count="7" type="stmt"/>
      <line num="6" count="7" type="stmt"/>
      <line num="7" count="7" type="stmt"/>
      <line num="8" count="13" type="stmt"/>
      <line num="9" count="13" type="stmt"/>
      <line num="10" count="13" type="stmt"/>
      <line num="12" count="7" type="stmt"/>
    </file>
  </project>
</coverage>
