<?xml version="1.0" encoding="UTF-8"?>
<coverage generated="1742820176462" clover="3.2.0">
  <project timestamp="1742820176462" name="All files">
    <metrics statements="18" coveredstatements="18" conditionals="3" coveredconditionals="3" methods="7" coveredmethods="7" elements="28" coveredelements="28" complexity="0" loc="18" ncloc="18" packages="1" files="3" classes="3"/>
    <file name="fizzbuzz.ts" path="E:\Fuentes y formación\Informatica\Instituto FOC\Curso 2024-2025\FCT y PI\only-typescript\src\fizzbuzz.ts">
      <metrics statements="9" coveredstatements="9" conditionals="3" coveredconditionals="3" methods="2" coveredmethods="2"/>
      <line num="1" count="1" type="stmt"/>
      <line num="3" count="21" type="stmt"/>
      <line num="5" count="9" type="cond" truecount="1" falsecount="0"/>
      <line num="6" count="2" type="stmt"/>
      <line num="8" count="7" type="cond" truecount="1" falsecount="0"/>
      <line num="9" count="2" type="stmt"/>
      <line num="11" count="5" type="cond" truecount="1" falsecount="0"/>
      <line num="12" count="2" type="stmt"/>
      <line num="14" count="3" type="stmt"/>
    </file>
    <file name="stats.ts" path="E:\Fuentes y formación\Informatica\Instituto FOC\Curso 2024-2025\FCT y PI\only-typescript\src\stats.ts">
      <metrics statements="4" coveredstatements="4" conditionals="0" coveredconditionals="0" methods="3" coveredmethods="3"/>
      <line num="1" count="2" type="stmt"/>
      <line num="2" count="10" type="stmt"/>
      <line num="5" count="2" type="stmt"/>
      <line num="6" count="2" type="stmt"/>
    </file>
    <file name="statsAsync.ts" path="E:\Fuentes y formación\Informatica\Instituto FOC\Curso 2024-2025\FCT y PI\only-typescript\src\statsAsync.ts">
      <metrics statements="5" coveredstatements="5" conditionals="0" coveredconditionals="0" methods="2" coveredmethods="2"/>
      <line num="1" count="1" type="stmt"/>
      <line num="3" count="1" type="stmt"/>
      <line num="4" count="1" type="stmt"/>
      <line num="7" count="1" type="stmt"/>
      <line num="8" count="1" type="stmt"/>
    </file>
  </project>
</coverage>
