{"E:\\Fuentes y formación\\Informatica\\Instituto FOC\\Curso 2024-2025\\FCT y PI\\only-typescript\\src\\core\\camelCaseV1.ts": {"path":"E:\\Fuentes y formación\\Informatica\\Instituto FOC\\Curso 2024-2025\\FCT y PI\\only-typescript\\src\\core\\camelCaseV1.ts","statementMap":{"0":{"start":{"line":5,"column":56},"end":{"line":5,"column":77}},"1":{"start":{"line":6,"column":26},"end":{"line":6,"column":28}},"2":{"start":{"line":7,"column":4},"end":{"line":11,"column":null}},"3":{"start":{"line":7,"column":16},"end":{"line":7,"column":17}},"4":{"start":{"line":8,"column":35},"end":{"line":8,"column":87}},"5":{"start":{"line":9,"column":45},"end":{"line":9,"column":107}},"6":{"start":{"line":10,"column":8},"end":{"line":10,"column":80}},"7":{"start":{"line":12,"column":4},"end":{"line":12,"column":19}},"8":{"start":{"line":4,"column":0},"end":{"line":4,"column":16}}},"fnMap":{"0":{"name":"toUpperCamelCase","decl":{"start":{"line":4,"column":16},"end":{"line":4,"column":32}},"loc":{"start":{"line":4,"column":45},"end":{"line":13,"column":1}}}},"branchMap":{},"s":{"0":7,"1":7,"2":7,"3":7,"4":13,"5":13,"6":13,"7":7,"8":1},"f":{"0":7},"b":{}}
}
