{"E:\\Fuentes y formación\\Informatica\\Instituto FOC\\Curso 2024-2025\\FCT y PI\\only-typescript\\src\\fizzbuzz.ts": {"path":"E:\\Fuentes y formación\\Informatica\\Instituto FOC\\Curso 2024-2025\\FCT y PI\\only-typescript\\src\\fizzbuzz.ts","statementMap":{"0":{"start":{"line":3,"column":8},"end":{"line":3,"column":38}},"1":{"start":{"line":5,"column":4},"end":{"line":7,"column":null}},"2":{"start":{"line":6,"column":8},"end":{"line":6,"column":26}},"3":{"start":{"line":8,"column":4},"end":{"line":10,"column":null}},"4":{"start":{"line":9,"column":8},"end":{"line":9,"column":22}},"5":{"start":{"line":11,"column":4},"end":{"line":13,"column":null}},"6":{"start":{"line":12,"column":8},"end":{"line":12,"column":22}},"7":{"start":{"line":14,"column":4},"end":{"line":14,"column":29}},"8":{"start":{"line":1,"column":0},"end":{"line":1,"column":16}}},"fnMap":{"0":{"name":"fizzbuzz","decl":{"start":{"line":1,"column":16},"end":{"line":1,"column":24}},"loc":{"start":{"line":1,"column":38},"end":{"line":15,"column":1}}},"1":{"name":"isDivisibleBy","decl":{"start":{"line":2,"column":13},"end":{"line":2,"column":26}},"loc":{"start":{"line":2,"column":42},"end":{"line":4,"column":5}}}},"branchMap":{"0":{"loc":{"start":{"line":5,"column":4},"end":{"line":7,"column":null}},"type":"if","locations":[{"start":{"line":5,"column":4},"end":{"line":7,"column":null}}]},"1":{"loc":{"start":{"line":8,"column":4},"end":{"line":10,"column":null}},"type":"if","locations":[{"start":{"line":8,"column":4},"end":{"line":10,"column":null}}]},"2":{"loc":{"start":{"line":11,"column":4},"end":{"line":13,"column":null}},"type":"if","locations":[{"start":{"line":11,"column":4},"end":{"line":13,"column":null}}]}},"s":{"0":21,"1":9,"2":2,"3":7,"4":2,"5":5,"6":2,"7":3,"8":1},"f":{"0":9,"1":21},"b":{"0":[2],"1":[2],"2":[2]}}
,"E:\\Fuentes y formación\\Informatica\\Instituto FOC\\Curso 2024-2025\\FCT y PI\\only-typescript\\src\\stats.ts": {"path":"E:\\Fuentes y formación\\Informatica\\Instituto FOC\\Curso 2024-2025\\FCT y PI\\only-typescript\\src\\stats.ts","statementMap":{"0":{"start":{"line":2,"column":4},"end":{"line":2,"column":107}},"1":{"start":{"line":2,"column":74},"end":{"line":2,"column":102}},"2":{"start":{"line":1,"column":0},"end":{"line":1,"column":16}},"3":{"start":{"line":6,"column":4},"end":{"line":6,"column":39}},"4":{"start":{"line":5,"column":0},"end":{"line":5,"column":16}}},"fnMap":{"0":{"name":"sum","decl":{"start":{"line":1,"column":16},"end":{"line":1,"column":19}},"loc":{"start":{"line":1,"column":36},"end":{"line":3,"column":1}}},"1":{"name":"(anonymous_1)","decl":{"start":{"line":2,"column":26},"end":{"line":2,"column":27}},"loc":{"start":{"line":2,"column":74},"end":{"line":2,"column":102}}},"2":{"name":"average","decl":{"start":{"line":5,"column":16},"end":{"line":5,"column":23}},"loc":{"start":{"line":5,"column":40},"end":{"line":7,"column":1}}}},"branchMap":{},"s":{"0":4,"1":10,"2":2,"3":2,"4":2},"f":{"0":4,"1":10,"2":2},"b":{}}
,"E:\\Fuentes y formación\\Informatica\\Instituto FOC\\Curso 2024-2025\\FCT y PI\\only-typescript\\src\\statsAsync.ts": {"path":"E:\\Fuentes y formación\\Informatica\\Instituto FOC\\Curso 2024-2025\\FCT y PI\\only-typescript\\src\\statsAsync.ts","statementMap":{"0":{"start":{"line":1,"column":0},"end":{"line":1,"column":33}},"1":{"start":{"line":4,"column":5},"end":{"line":4,"column":48}},"2":{"start":{"line":3,"column":0},"end":{"line":3,"column":16}},"3":{"start":{"line":8,"column":4},"end":{"line":8,"column":51}},"4":{"start":{"line":7,"column":0},"end":{"line":7,"column":16}}},"fnMap":{"0":{"name":"sum","decl":{"start":{"line":3,"column":16},"end":{"line":3,"column":19}},"loc":{"start":{"line":3,"column":37},"end":{"line":5,"column":1}}},"1":{"name":"average","decl":{"start":{"line":7,"column":16},"end":{"line":7,"column":23}},"loc":{"start":{"line":7,"column":41},"end":{"line":9,"column":1}}}},"branchMap":{},"s":{"0":1,"1":1,"2":1,"3":1,"4":1},"f":{"0":1,"1":1},"b":{}}
}
