TN:
SF:src\fizzbuzz.ts
FN:1,fizzbuzz
FN:2,isDivisibleBy
FNF:2
FNH:2
FNDA:9,fizzbuzz
FNDA:21,isDivisibleBy
DA:1,1
DA:3,21
DA:5,9
DA:6,2
DA:8,7
DA:9,2
DA:11,5
DA:12,2
DA:14,3
LF:9
LH:9
BRDA:5,0,0,2
BRDA:8,1,0,2
BRDA:11,2,0,2
BRF:3
BRH:3
end_of_record
TN:
SF:src\stats.ts
FN:1,sum
FN:2,(anonymous_1)
FN:5,average
FNF:3
FNH:3
FNDA:4,sum
FNDA:10,(anonymous_1)
FNDA:2,average
DA:1,2
DA:2,10
DA:5,2
DA:6,2
LF:4
LH:4
BRF:0
BRH:0
end_of_record
TN:
SF:src\statsAsync.ts
FN:3,sum
FN:7,average
FNF:2
FNH:2
FNDA:1,sum
FNDA:1,average
DA:1,1
DA:3,1
DA:4,1
DA:7,1
DA:8,1
LF:5
LH:5
BRF:0
BRH:0
end_of_record
